<?xml version="1.0" encoding="UTF-8" ?>
<testsuite tests="3" failures="1" name="scbtester.net.tests.AccountBaseTest" time="4.011" errors="0" skipped="0">
  <properties>
[...]
</properties>
  <testcase classname="scbtester.net.tests.AccountBaseTest" name="getAccessBaseWithWrongClientId" time="3.089">
    <failure message="
The following 2 assertions failed:
1) expected:&lt;[fals]e&gt; but was:&lt;[tru]e&gt;
at AccountBaseTest.getAccessBaseWithWrongClientId(AccountBaseTest.java:26) expected:&lt;[fals]e&gt; but was:&lt;[tru]e&gt;
2) expected:&lt;[4]00&gt; but was:&lt;[2]00&gt;
at AccountBaseTest.getAccessBaseWithWrongClientId(AccountBaseTest.java:27) expected:&lt;[4]00&gt; but was:&lt;[2]00&gt;
" type="org.assertj.core.api.SoftAssertionError">org.assertj.core.api.SoftAssertionError: 
The following 2 assertions failed:
1) expected:&lt;[fals]e&gt; but was:&lt;[tru]e&gt;
at AccountBaseTest.getAccessBaseWithWrongClientId(AccountBaseTest.java:26) expected:&lt;[fals]e&gt; but was:&lt;[tru]e&gt;
2) expected:&lt;[4]00&gt; but was:&lt;[2]00&gt;
at AccountBaseTest.getAccessBaseWithWrongClientId(AccountBaseTest.java:27) expected:&lt;[4]00&gt; but was:&lt;[2]00&gt;

	at org.assertj.core.api.SoftAssertions.assertAll(SoftAssertions.java:155)
	at scbtester.net.tests.AccountBaseTest.getAccessBaseWithWrongClientId(AccountBaseTest.java:28)
	at sun.reflect.NativeMethodAccessorImpl.invoke0(Native Method)
	at sun.reflect.NativeMethodAccessorImpl.invoke(NativeMethodAccessorImpl.java:62)
	at sun.reflect.DelegatingMethodAccessorImpl.invoke(DelegatingMethodAccessorImpl.java:43)
	at java.lang.reflect.Method.invoke(Method.java:498)
	at org.junit.runners.model.FrameworkMethod$1.runReflectiveCall(FrameworkMethod.java:50)
	at org.junit.internal.runners.model.ReflectiveCallable.run(ReflectiveCallable.java:12)
	at org.junit.runners.model.FrameworkMethod.invokeExplosively(FrameworkMethod.java:47)
	at org.junit.internal.runners.statements.InvokeMethod.evaluate(InvokeMethod.java:17)
	at org.junit.runners.ParentRunner.runLeaf(ParentRunner.java:325)
	at org.junit.runners.BlockJUnit4ClassRunner.runChild(BlockJUnit4ClassRunner.java:78)
	at org.junit.runners.BlockJUnit4ClassRunner.runChild(BlockJUnit4ClassRunner.java:57)
	at org.junit.runners.ParentRunner$3.run(ParentRunner.java:290)
	at org.junit.runners.ParentRunner$1.schedule(ParentRunner.java:71)
	at org.junit.runners.ParentRunner.runChildren(ParentRunner.java:288)
	at org.junit.runners.ParentRunner.access$000(ParentRunner.java:58)
	at org.junit.runners.ParentRunner$2.evaluate(ParentRunner.java:268)
	at org.junit.runners.ParentRunner.run(ParentRunner.java:363)
	at org.apache.maven.surefire.junit4.JUnit4Provider.execute(JUnit4Provider.java:252)
	at org.apache.maven.surefire.junit4.JUnit4Provider.executeTestSet(JUnit4Provider.java:141)
	at org.apache.maven.surefire.junit4.JUnit4Provider.invoke(JUnit4Provider.java:112)
	at sun.reflect.NativeMethodAccessorImpl.invoke0(Native Method)
	at sun.reflect.NativeMethodAccessorImpl.invoke(NativeMethodAccessorImpl.java:62)
	at sun.reflect.DelegatingMethodAccessorImpl.invoke(DelegatingMethodAccessorImpl.java:43)
	at java.lang.reflect.Method.invoke(Method.java:498)
	at org.apache.maven.surefire.util.ReflectionUtils.invokeMethodWithArray(ReflectionUtils.java:189)
	at org.apache.maven.surefire.booter.ProviderFactory$ProviderProxy.invoke(ProviderFactory.java:165)
	at org.apache.maven.surefire.booter.ProviderFactory.invokeProvider(ProviderFactory.java:85)
	at org.apache.maven.surefire.booter.ForkedBooter.runSuitesInProcess(ForkedBooter.java:115)
	at org.apache.maven.surefire.booter.ForkedBooter.main(ForkedBooter.java:75)
</failure>
    <system-out>Request method:	GET
Request URI:	https://api.imgur.com/3/account/SCBTester
Proxy:			&lt;none&gt;
Request params:	&lt;none&gt;
Query params:	&lt;none&gt;
Form params:	&lt;none&gt;
Path params:	&lt;none&gt;
Headers:		Authorization=Client-ID wrong_data
				Accept=*/*
Cookies:		&lt;none&gt;
Multiparts:		&lt;none&gt;
Body:			&lt;none&gt;
HTTP/1.1 200 OK
Content-Type: application/json
Access-Control-Expose-Headers: X-RateLimit-ClientLimit, X-RateLimit-ClientRemaining, X-RateLimit-UserLimit, X-RateLimit-UserRemaining, X-RateLimit-UserReset
X-RateLimit-ClientLimit: 12500
X-RateLimit-ClientRemaining: 12411
X-RateLimit-UserLimit: 500
X-RateLimit-UserRemaining: 493
X-RateLimit-UserReset: 1540131632
ETag: W/&quot;db3632d19333a7719bd358b9bacaca1489beb094&quot;
Cache-Control: max-age=60, stale-while-revalidate=600, stale-if-error=86400, public
Content-Encoding: gzip
Content-Length: 255
Accept-Ranges: bytes
Date: Sun, 21 Oct 2018 14:36:03 GMT
Age: 64
Connection: keep-alive
X-Served-By: cache-iad2127-IAD, cache-bma1630-BMA
X-Cache: MISS, HIT
X-Cache-Hits: 0, 1
X-Timer: S1540132563.401317,VS0,VE1
Vary: Accept-Encoding
access-control-allow-methods: GET, PUT, POST, PATCH, DELETE, OPTIONS
Server: cat factory 1.0
Access-Control-Allow-Origin: *
Access-Control-Allow-Credentials: true
X-Frame-Options: DENY
Access-Control-Allow-Headers: Authorization, Content-Type, Accept, X-Mashape-Authorization, IMGURPLATFORM, IMGURUIDJAFO, sessionCount, IMGURMWBETA, IMGURMWBETAOPTIN, X-expSNKPK127

{
    &quot;data&quot;: {
        &quot;id&quot;: 96115201,
        &quot;url&quot;: &quot;SCBTester&quot;,
        &quot;bio&quot;: null,
        &quot;avatar&quot;: &quot;https://imgur.com/user/SCBTester/avatar?maxwidth=290&quot;,
        &quot;avatar_name&quot;: &quot;default/S&quot;,
        &quot;cover&quot;: &quot;https://imgur.com/user/SCBTester/cover?maxwidth=2560&quot;,
        &quot;cover_name&quot;: &quot;default/1-space&quot;,
        &quot;reputation&quot;: 0,
        &quot;reputation_name&quot;: &quot;Neutral&quot;,
        &quot;created&quot;: 1540012534,
        &quot;pro_expiration&quot;: false,
        &quot;user_follow&quot;: {
            &quot;status&quot;: false
        },
        &quot;is_blocked&quot;: false
    },
    &quot;success&quot;: true,
    &quot;status&quot;: 200
}
</system-out>
  </testcase>
  <testcase classname="scbtester.net.tests.AccountBaseTest" name="getAccessBaseWithCorrectData" time="0.586"/>
  <testcase classname="scbtester.net.tests.AccountBaseTest" name="getAccessBaseWithWrongUserName" time="0.336"/>
</testsuite>